{"contracts/ETHFarm.sol":{"l":{"36":0,"37":0,"40":3,"41":3,"44":10,"45":10,"46":10,"52":18,"53":8,"55":10,"57":10,"58":2,"61":10,"62":10,"64":18,"65":18,"66":18,"69":2,"70":2,"72":2,"73":2,"74":0,"76":2,"77":2,"79":2,"80":2,"84":2,"85":2,"86":2,"96":12,"97":12,"98":12,"99":10,"101":10,"102":5,"103":5,"105":10,"106":10,"107":4,"109":10,"110":10,"112":10,"115":5,"116":5,"118":5,"119":5,"120":5,"123":5,"147":0,"151":1,"154":2,"155":2,"156":2,"157":2,"160":3,"161":3,"162":3,"165":2,"168":1,"171":2,"174":2,"175":2,"176":1,"179":2,"180":2,"181":2,"183":2,"185":1,"186":1,"187":1,"188":1,"192":0},"path":"/Users/snow/develop/MetaCoin/contracts/ETHFarm.sol","s":{"1":0,"2":3,"3":10,"4":10,"5":10,"6":18,"7":8,"8":10,"9":10,"10":2,"11":10,"12":10,"13":18,"14":18,"15":18,"16":2,"17":2,"18":2,"19":2,"20":0,"21":2,"22":2,"23":2,"24":2,"25":2,"26":2,"27":2,"28":12,"29":12,"30":12,"31":10,"32":10,"33":5,"34":5,"35":10,"36":10,"37":4,"38":10,"39":10,"40":10,"41":5,"42":5,"43":5,"44":5,"45":5,"46":5,"47":0,"48":1,"49":2,"50":2,"51":2,"52":2,"53":3,"54":3,"55":3,"56":2,"57":1,"58":2,"59":2,"60":2,"61":1,"62":2,"63":2,"64":2,"65":2,"66":1,"67":1,"68":1,"69":1,"70":0},"b":{"1":[0,0],"2":[3,0],"3":[8,10],"4":[18,0],"5":[2,0],"6":[2,0],"7":[12,0],"8":[12,0],"9":[10,2],"10":[5,5],"11":[4,6],"12":[5,5],"13":[2,0],"14":[2,0],"15":[1,1],"16":[1,1]},"f":{"1":0,"2":3,"3":10,"4":18,"5":2,"6":2,"7":12,"8":0,"9":1,"10":2,"11":3,"12":2,"13":1,"14":2,"15":0},"fnMap":{"1":{"name":"onlyOwner","line":35,"loc":{"start":{"line":35,"column":4},"end":{"line":38,"column":4}}},"2":{"name":"onlyTempAuth","line":39,"loc":{"start":{"line":39,"column":4},"end":{"line":42,"column":4}}},"3":{"name":"constructor","line":43,"loc":{"start":{"line":43,"column":4},"end":{"line":47,"column":4}}},"4":{"name":"deposit","line":50,"loc":{"start":{"line":50,"column":4},"end":{"line":67,"column":4}}},"5":{"name":"withdraw","line":68,"loc":{"start":{"line":68,"column":4},"end":{"line":81,"column":4}}},"6":{"name":"getCurrentRate","line":83,"loc":{"start":{"line":83,"column":4},"end":{"line":87,"column":4}}},"7":{"name":"vote","line":91,"loc":{"start":{"line":91,"column":4},"end":{"line":145,"column":4}}},"8":{"name":"getMoneyBagByIndex","line":146,"loc":{"start":{"line":146,"column":4},"end":{"line":148,"column":4}}},"9":{"name":"getProposalNumber","line":150,"loc":{"start":{"line":150,"column":4},"end":{"line":152,"column":4}}},"10":{"name":"getProposalByIndex","line":153,"loc":{"start":{"line":153,"column":4},"end":{"line":158,"column":4}}},"11":{"name":"getProposal","line":159,"loc":{"start":{"line":159,"column":4},"end":{"line":163,"column":4}}},"12":{"name":"pause","line":164,"loc":{"start":{"line":164,"column":4},"end":{"line":166,"column":4}}},"13":{"name":"unpause","line":167,"loc":{"start":{"line":167,"column":4},"end":{"line":169,"column":4}}},"14":{"name":"unActiveVot","line":170,"loc":{"start":{"line":170,"column":4},"end":{"line":190,"column":4}}},"15":{"name":"closeCompound","line":191,"loc":{"start":{"line":191,"column":4},"end":{"line":193,"column":4}}}},"statementMap":{"1":{"start":{"line":36,"column":8},"end":{"line":36,"column":71}},"2":{"start":{"line":40,"column":8},"end":{"line":40,"column":73}},"3":{"start":{"line":44,"column":8},"end":{"line":44,"column":25}},"4":{"start":{"line":45,"column":8},"end":{"line":45,"column":17}},"5":{"start":{"line":46,"column":8},"end":{"line":46,"column":20}},"6":{"start":{"line":52,"column":8},"end":{"line":52,"column":1655}},"7":{"start":{"line":53,"column":12},"end":{"line":53,"column":33}},"8":{"start":{"line":55,"column":12},"end":{"line":55,"column":61}},"9":{"start":{"line":57,"column":12},"end":{"line":57,"column":1818}},"10":{"start":{"line":58,"column":16},"end":{"line":58,"column":77}},"11":{"start":{"line":61,"column":12},"end":{"line":61,"column":63}},"12":{"start":{"line":62,"column":12},"end":{"line":62,"column":61}},"13":{"start":{"line":64,"column":8},"end":{"line":64,"column":90}},"14":{"start":{"line":65,"column":8},"end":{"line":65,"column":38}},"15":{"start":{"line":66,"column":8},"end":{"line":66,"column":44}},"16":{"start":{"line":69,"column":8},"end":{"line":69,"column":74}},"17":{"start":{"line":70,"column":8},"end":{"line":70,"column":66}},"18":{"start":{"line":72,"column":8},"end":{"line":72,"column":57}},"19":{"start":{"line":73,"column":8},"end":{"line":73,"column":2591}},"20":{"start":{"line":74,"column":12},"end":{"line":74,"column":73}},"21":{"start":{"line":76,"column":8},"end":{"line":76,"column":54}},"22":{"start":{"line":77,"column":8},"end":{"line":77,"column":38}},"23":{"start":{"line":79,"column":8},"end":{"line":79,"column":76}},"24":{"start":{"line":80,"column":8},"end":{"line":80,"column":44}},"25":{"start":{"line":84,"column":8},"end":{"line":84,"column":70}},"26":{"start":{"line":85,"column":8},"end":{"line":85,"column":58}},"27":{"start":{"line":86,"column":8},"end":{"line":86,"column":52}},"28":{"start":{"line":96,"column":12},"end":{"line":96,"column":66}},"29":{"start":{"line":97,"column":12},"end":{"line":97,"column":116}},"30":{"start":{"line":98,"column":12},"end":{"line":98,"column":66}},"31":{"start":{"line":99,"column":12},"end":{"line":99,"column":33}},"32":{"start":{"line":101,"column":12},"end":{"line":101,"column":3815}},"33":{"start":{"line":102,"column":16},"end":{"line":102,"column":80}},"34":{"start":{"line":103,"column":16},"end":{"line":103,"column":43}},"35":{"start":{"line":105,"column":12},"end":{"line":105,"column":67}},"36":{"start":{"line":106,"column":12},"end":{"line":106,"column":4077}},"37":{"start":{"line":107,"column":16},"end":{"line":107,"column":38}},"38":{"start":{"line":109,"column":12},"end":{"line":109,"column":95}},"39":{"start":{"line":110,"column":12},"end":{"line":110,"column":86}},"40":{"start":{"line":112,"column":12},"end":{"line":112,"column":4357}},"41":{"start":{"line":115,"column":16},"end":{"line":115,"column":40}},"42":{"start":{"line":116,"column":16},"end":{"line":116,"column":48}},"43":{"start":{"line":118,"column":16},"end":{"line":118,"column":51}},"44":{"start":{"line":119,"column":16},"end":{"line":119,"column":43}},"45":{"start":{"line":120,"column":16},"end":{"line":120,"column":66}},"46":{"start":{"line":123,"column":16},"end":{"line":123,"column":41}},"47":{"start":{"line":147,"column":8},"end":{"line":147,"column":28}},"48":{"start":{"line":151,"column":8},"end":{"line":151,"column":36}},"49":{"start":{"line":154,"column":8},"end":{"line":154,"column":38}},"50":{"start":{"line":155,"column":8},"end":{"line":155,"column":42}},"51":{"start":{"line":156,"column":8},"end":{"line":156,"column":40}},"52":{"start":{"line":157,"column":8},"end":{"line":157,"column":44}},"53":{"start":{"line":160,"column":8},"end":{"line":160,"column":42}},"54":{"start":{"line":161,"column":8},"end":{"line":161,"column":40}},"55":{"start":{"line":162,"column":8},"end":{"line":162,"column":44}},"56":{"start":{"line":165,"column":8},"end":{"line":165,"column":15}},"57":{"start":{"line":168,"column":8},"end":{"line":168,"column":17}},"58":{"start":{"line":171,"column":8},"end":{"line":171,"column":102}},"59":{"start":{"line":174,"column":8},"end":{"line":174,"column":62}},"60":{"start":{"line":175,"column":8},"end":{"line":175,"column":7029}},"61":{"start":{"line":176,"column":12},"end":{"line":176,"column":40}},"62":{"start":{"line":179,"column":8},"end":{"line":179,"column":42}},"63":{"start":{"line":180,"column":8},"end":{"line":180,"column":91}},"64":{"start":{"line":181,"column":8},"end":{"line":181,"column":82}},"65":{"start":{"line":183,"column":8},"end":{"line":183,"column":7354}},"66":{"start":{"line":185,"column":12},"end":{"line":185,"column":45}},"67":{"start":{"line":186,"column":12},"end":{"line":186,"column":40}},"68":{"start":{"line":187,"column":12},"end":{"line":187,"column":42}},"69":{"start":{"line":188,"column":12},"end":{"line":188,"column":41}},"70":{"start":{"line":192,"column":8},"end":{"line":192,"column":37}}},"branchMap":{"1":{"line":36,"type":"if","locations":[{"start":{"line":36,"column":8},"end":{"line":36,"column":8}},{"start":{"line":36,"column":8},"end":{"line":36,"column":8}}]},"2":{"line":40,"type":"if","locations":[{"start":{"line":40,"column":8},"end":{"line":40,"column":8}},{"start":{"line":40,"column":8},"end":{"line":40,"column":8}}]},"3":{"line":52,"type":"if","locations":[{"start":{"line":52,"column":8},"end":{"line":52,"column":8}},{"start":{"line":52,"column":8},"end":{"line":52,"column":8}}]},"4":{"line":64,"type":"if","locations":[{"start":{"line":64,"column":8},"end":{"line":64,"column":8}},{"start":{"line":64,"column":8},"end":{"line":64,"column":8}}]},"5":{"line":69,"type":"if","locations":[{"start":{"line":69,"column":8},"end":{"line":69,"column":8}},{"start":{"line":69,"column":8},"end":{"line":69,"column":8}}]},"6":{"line":79,"type":"if","locations":[{"start":{"line":79,"column":8},"end":{"line":79,"column":8}},{"start":{"line":79,"column":8},"end":{"line":79,"column":8}}]},"7":{"line":96,"type":"if","locations":[{"start":{"line":96,"column":12},"end":{"line":96,"column":12}},{"start":{"line":96,"column":12},"end":{"line":96,"column":12}}]},"8":{"line":97,"type":"if","locations":[{"start":{"line":97,"column":12},"end":{"line":97,"column":12}},{"start":{"line":97,"column":12},"end":{"line":97,"column":12}}]},"9":{"line":98,"type":"if","locations":[{"start":{"line":98,"column":12},"end":{"line":98,"column":12}},{"start":{"line":98,"column":12},"end":{"line":98,"column":12}}]},"10":{"line":101,"type":"if","locations":[{"start":{"line":101,"column":12},"end":{"line":101,"column":12}},{"start":{"line":101,"column":12},"end":{"line":101,"column":12}}]},"11":{"line":106,"type":"if","locations":[{"start":{"line":106,"column":12},"end":{"line":106,"column":12}},{"start":{"line":106,"column":12},"end":{"line":106,"column":12}}]},"12":{"line":112,"type":"if","locations":[{"start":{"line":112,"column":12},"end":{"line":112,"column":12}},{"start":{"line":112,"column":12},"end":{"line":112,"column":12}}]},"13":{"line":171,"type":"if","locations":[{"start":{"line":171,"column":8},"end":{"line":171,"column":8}},{"start":{"line":171,"column":8},"end":{"line":171,"column":8}}]},"14":{"line":174,"type":"if","locations":[{"start":{"line":174,"column":8},"end":{"line":174,"column":8}},{"start":{"line":174,"column":8},"end":{"line":174,"column":8}}]},"15":{"line":175,"type":"if","locations":[{"start":{"line":175,"column":8},"end":{"line":175,"column":8}},{"start":{"line":175,"column":8},"end":{"line":175,"column":8}}]},"16":{"line":183,"type":"if","locations":[{"start":{"line":183,"column":8},"end":{"line":183,"column":8}},{"start":{"line":183,"column":8},"end":{"line":183,"column":8}}]}}},"contracts/FETH.sol":{"l":{"13":22,"14":16,"17":18,"21":12,"22":36,"24":3,"27":33,"30":36,"35":3,"37":3,"38":9,"39":9,"41":3,"45":1,"46":1,"49":2,"50":2,"51":2},"path":"/Users/snow/develop/MetaCoin/contracts/FETH.sol","s":{"1":22,"2":18,"3":12,"4":36,"5":3,"6":33,"7":36,"8":3,"9":3,"10":9,"11":9,"12":3,"13":1,"14":1,"15":2,"16":2,"17":2},"b":{"1":[16,6],"2":[3,33],"3":[3,0]},"f":{"1":22,"2":18,"3":12,"4":3,"5":1,"6":2},"fnMap":{"1":{"name":"onlyOwner","line":12,"loc":{"start":{"line":12,"column":4},"end":{"line":15,"column":4}}},"2":{"name":"constructor","line":16,"loc":{"start":{"line":16,"column":4},"end":{"line":18,"column":4}}},"3":{"name":"airdrop","line":20,"loc":{"start":{"line":20,"column":4},"end":{"line":32,"column":4}}},"4":{"name":"airdropETH","line":34,"loc":{"start":{"line":34,"column":1},"end":{"line":42,"column":1}}},"5":{"name":"withdraw","line":44,"loc":{"start":{"line":44,"column":4},"end":{"line":47,"column":4}}},"6":{"name":"withdrawFETH","line":48,"loc":{"start":{"line":48,"column":4},"end":{"line":52,"column":4}}}},"statementMap":{"1":{"start":{"line":13,"column":8},"end":{"line":13,"column":71}},"2":{"start":{"line":17,"column":8},"end":{"line":17,"column":25}},"3":{"start":{"line":21,"column":8},"end":{"line":21,"column":656}},"4":{"start":{"line":22,"column":12},"end":{"line":22,"column":718}},"5":{"start":{"line":24,"column":16},"end":{"line":24,"column":74}},"6":{"start":{"line":27,"column":16},"end":{"line":27,"column":42}},"7":{"start":{"line":30,"column":12},"end":{"line":30,"column":53}},"8":{"start":{"line":35,"column":8},"end":{"line":35,"column":78}},"9":{"start":{"line":37,"column":8},"end":{"line":37,"column":1254}},"10":{"start":{"line":38,"column":12},"end":{"line":38,"column":49}},"11":{"start":{"line":39,"column":12},"end":{"line":39,"column":49}},"12":{"start":{"line":41,"column":8},"end":{"line":41,"column":19}},"13":{"start":{"line":45,"column":8},"end":{"line":45,"column":53}},"14":{"start":{"line":46,"column":8},"end":{"line":46,"column":51}},"15":{"start":{"line":49,"column":8},"end":{"line":49,"column":32}},"16":{"start":{"line":50,"column":8},"end":{"line":50,"column":43}},"17":{"start":{"line":51,"column":8},"end":{"line":51,"column":36}}},"branchMap":{"1":{"line":13,"type":"if","locations":[{"start":{"line":13,"column":8},"end":{"line":13,"column":8}},{"start":{"line":13,"column":8},"end":{"line":13,"column":8}}]},"2":{"line":22,"type":"if","locations":[{"start":{"line":22,"column":12},"end":{"line":22,"column":12}},{"start":{"line":22,"column":12},"end":{"line":22,"column":12}}]},"3":{"line":35,"type":"if","locations":[{"start":{"line":35,"column":8},"end":{"line":35,"column":8}},{"start":{"line":35,"column":8},"end":{"line":35,"column":8}}]}}},"contracts/interfaces/ICompound.sol":{"l":{},"path":"/Users/snow/develop/MetaCoin/contracts/interfaces/ICompound.sol","s":{},"b":{},"f":{},"fnMap":{},"statementMap":{},"branchMap":{}},"contracts/interfaces/IFarm.sol":{"l":{},"path":"/Users/snow/develop/MetaCoin/contracts/interfaces/IFarm.sol","s":{},"b":{},"f":{},"fnMap":{},"statementMap":{},"branchMap":{}},"contracts/interfaces/IFETH.sol":{"l":{},"path":"/Users/snow/develop/MetaCoin/contracts/interfaces/IFETH.sol","s":{},"b":{},"f":{},"fnMap":{},"statementMap":{},"branchMap":{}},"contracts/interfaces/IProposal.sol":{"l":{},"path":"/Users/snow/develop/MetaCoin/contracts/interfaces/IProposal.sol","s":{},"b":{},"f":{},"fnMap":{},"statementMap":{},"branchMap":{}},"contracts/interfaces/IUniswap.sol":{"l":{},"path":"/Users/snow/develop/MetaCoin/contracts/interfaces/IUniswap.sol","s":{},"b":{},"f":{},"fnMap":{},"statementMap":{},"branchMap":{}},"contracts/interfaces/IVOT.sol":{"l":{},"path":"/Users/snow/develop/MetaCoin/contracts/interfaces/IVOT.sol","s":{},"b":{},"f":{},"fnMap":{},"statementMap":{},"branchMap":{}},"contracts/mock/MockCETH.sol":{"l":{"11":4,"18":2,"21":4,"24":1,"25":1,"26":1},"path":"/Users/snow/develop/MetaCoin/contracts/mock/MockCETH.sol","s":{"1":4,"2":2,"3":4,"4":1,"5":1,"6":1},"b":{},"f":{"1":4,"2":2,"3":4,"4":1},"fnMap":{"1":{"name":"constructor","line":10,"loc":{"start":{"line":10,"column":4},"end":{"line":12,"column":1}}},"2":{"name":"mint","line":17,"loc":{"start":{"line":17,"column":4},"end":{"line":19,"column":4}}},"3":{"name":"exchangeRateStored","line":20,"loc":{"start":{"line":20,"column":4},"end":{"line":22,"column":4}}},"4":{"name":"redeem","line":23,"loc":{"start":{"line":23,"column":4},"end":{"line":27,"column":4}}}},"statementMap":{"1":{"start":{"line":11,"column":8},"end":{"line":11,"column":24}},"2":{"start":{"line":18,"column":8},"end":{"line":18,"column":55}},"3":{"start":{"line":21,"column":8},"end":{"line":21,"column":25}},"4":{"start":{"line":24,"column":8},"end":{"line":24,"column":38}},"5":{"start":{"line":25,"column":8},"end":{"line":25,"column":60}},"6":{"start":{"line":26,"column":8},"end":{"line":26,"column":16}}},"branchMap":{}},"contracts/mock/XToken.sol":{"l":{"11":8},"path":"/Users/snow/develop/MetaCoin/contracts/mock/XToken.sol","s":{"1":8},"b":{},"f":{"1":8},"fnMap":{"1":{"name":"constructor","line":10,"loc":{"start":{"line":10,"column":4},"end":{"line":12,"column":4}}}},"statementMap":{"1":{"start":{"line":11,"column":8},"end":{"line":11,"column":47}}},"branchMap":{}},"contracts/proposals/CompoundDeposit.sol":{"l":{"19":4,"20":4,"21":4,"25":2,"26":2,"30":2,"32":2,"33":2,"34":2,"37":4,"38":4,"39":4,"42":1,"43":1,"44":1,"45":1},"path":"/Users/snow/develop/MetaCoin/contracts/proposals/CompoundDeposit.sol","s":{"1":4,"2":4,"3":4,"4":2,"5":2,"6":2,"7":2,"8":2,"9":4,"10":4,"11":4,"12":1,"13":1,"14":1,"15":1},"b":{"1":[2,0]},"f":{"1":4,"2":2,"3":2,"4":4,"5":1},"fnMap":{"1":{"name":"constructor","line":18,"loc":{"start":{"line":18,"column":4},"end":{"line":22,"column":4}}},"2":{"name":"onlyFarm","line":24,"loc":{"start":{"line":24,"column":4},"end":{"line":27,"column":4}}},"3":{"name":"active","line":29,"loc":{"start":{"line":29,"column":4},"end":{"line":35,"column":4}}},"4":{"name":"getBalance","line":36,"loc":{"start":{"line":36,"column":4},"end":{"line":40,"column":4}}},"5":{"name":"unActive","line":41,"loc":{"start":{"line":41,"column":4},"end":{"line":46,"column":4}}}},"statementMap":{"1":{"start":{"line":19,"column":8},"end":{"line":19,"column":22}},"2":{"start":{"line":20,"column":8},"end":{"line":20,"column":22}},"3":{"start":{"line":21,"column":8},"end":{"line":21,"column":22}},"4":{"start":{"line":25,"column":8},"end":{"line":25,"column":69}},"5":{"start":{"line":30,"column":8},"end":{"line":30,"column":63}},"6":{"start":{"line":32,"column":8},"end":{"line":32,"column":36}},"7":{"start":{"line":33,"column":8},"end":{"line":33,"column":34}},"8":{"start":{"line":34,"column":8},"end":{"line":34,"column":20}},"9":{"start":{"line":37,"column":8},"end":{"line":37,"column":58}},"10":{"start":{"line":38,"column":8},"end":{"line":38,"column":48}},"11":{"start":{"line":39,"column":8},"end":{"line":39,"column":76}},"12":{"start":{"line":42,"column":8},"end":{"line":42,"column":58}},"13":{"start":{"line":43,"column":8},"end":{"line":43,"column":30}},"14":{"start":{"line":44,"column":8},"end":{"line":44,"column":57}},"15":{"start":{"line":45,"column":8},"end":{"line":45,"column":21}}},"branchMap":{"1":{"line":25,"type":"if","locations":[{"start":{"line":25,"column":8},"end":{"line":25,"column":8}},{"start":{"line":25,"column":8},"end":{"line":25,"column":8}}]}}},"contracts/proposals/OpenDeposit.sol":{"l":{"11":4,"15":1,"16":1,"20":1,"21":1},"path":"/Users/snow/develop/MetaCoin/contracts/proposals/OpenDeposit.sol","s":{"1":4,"2":1,"3":1,"4":1},"b":{"1":[1,0]},"f":{"1":4,"2":1,"3":1},"fnMap":{"1":{"name":"constructor","line":10,"loc":{"start":{"line":10,"column":4},"end":{"line":12,"column":4}}},"2":{"name":"onlyFarm","line":14,"loc":{"start":{"line":14,"column":4},"end":{"line":17,"column":4}}},"3":{"name":"active","line":19,"loc":{"start":{"line":19,"column":4},"end":{"line":22,"column":4}}}},"statementMap":{"1":{"start":{"line":11,"column":8},"end":{"line":11,"column":22}},"2":{"start":{"line":15,"column":8},"end":{"line":15,"column":69}},"3":{"start":{"line":20,"column":8},"end":{"line":20,"column":21}},"4":{"start":{"line":21,"column":8},"end":{"line":21,"column":20}}},"branchMap":{"1":{"line":15,"type":"if","locations":[{"start":{"line":15,"column":8},"end":{"line":15,"column":8}},{"start":{"line":15,"column":8},"end":{"line":15,"column":8}}]}}},"contracts/proposals/PauseDeposit.sol":{"l":{"11":4,"15":2,"16":2,"20":2,"21":2},"path":"/Users/snow/develop/MetaCoin/contracts/proposals/PauseDeposit.sol","s":{"1":4,"2":2,"3":2,"4":2},"b":{"1":[2,0]},"f":{"1":4,"2":2,"3":2},"fnMap":{"1":{"name":"constructor","line":10,"loc":{"start":{"line":10,"column":4},"end":{"line":12,"column":4}}},"2":{"name":"onlyFarm","line":14,"loc":{"start":{"line":14,"column":4},"end":{"line":17,"column":4}}},"3":{"name":"active","line":19,"loc":{"start":{"line":19,"column":4},"end":{"line":22,"column":4}}}},"statementMap":{"1":{"start":{"line":11,"column":8},"end":{"line":11,"column":22}},"2":{"start":{"line":15,"column":8},"end":{"line":15,"column":69}},"3":{"start":{"line":20,"column":8},"end":{"line":20,"column":19}},"4":{"start":{"line":21,"column":8},"end":{"line":21,"column":20}}},"branchMap":{"1":{"line":15,"type":"if","locations":[{"start":{"line":15,"column":8},"end":{"line":15,"column":8}},{"start":{"line":15,"column":8},"end":{"line":15,"column":8}}]}}},"contracts/Vot.sol":{"l":{"15":41,"16":37,"20":0,"21":0,"26":16,"27":16,"31":22,"35":3,"39":12,"43":18,"47":28,"51":0,"52":0,"53":0,"56":6},"path":"/Users/snow/develop/MetaCoin/contracts/Vot.sol","s":{"1":41,"2":0,"3":16,"4":16,"5":22,"6":3,"7":12,"8":18,"9":28,"10":0,"11":0,"12":0,"13":6},"b":{"1":[37,4],"2":[0,0],"3":[26,2],"4":[0,0],"5":[0,0]},"f":{"1":41,"2":0,"3":16,"4":16,"5":22,"6":3,"7":12,"8":18,"9":28,"10":0,"11":6},"fnMap":{"1":{"name":"onlyFarm","line":14,"loc":{"start":{"line":14,"column":4},"end":{"line":17,"column":4}}},"2":{"name":"onlyFarmOrOwner","line":19,"loc":{"start":{"line":19,"column":4},"end":{"line":22,"column":4}}},"3":{"name":"constructor","line":23,"loc":{"start":{"line":23,"column":4},"end":{"line":23,"column":47}}},"4":{"name":"setFarm","line":25,"loc":{"start":{"line":25,"column":4},"end":{"line":28,"column":4}}},"5":{"name":"mint","line":30,"loc":{"start":{"line":30,"column":4},"end":{"line":32,"column":4}}},"6":{"name":"burn","line":34,"loc":{"start":{"line":34,"column":4},"end":{"line":36,"column":4}}},"7":{"name":"freeze","line":38,"loc":{"start":{"line":38,"column":4},"end":{"line":40,"column":4}}},"8":{"name":"isFreezed","line":42,"loc":{"start":{"line":42,"column":4},"end":{"line":44,"column":4}}},"9":{"name":"_beforeTokenTransfer","line":46,"loc":{"start":{"line":46,"column":4},"end":{"line":48,"column":4}}},"10":{"name":"setFreezeInterval","line":50,"loc":{"start":{"line":50,"column":4},"end":{"line":54,"column":4}}},"11":{"name":"freezeInterval","line":55,"loc":{"start":{"line":55,"column":4},"end":{"line":57,"column":4}}}},"statementMap":{"1":{"start":{"line":15,"column":8},"end":{"line":15,"column":60}},"2":{"start":{"line":20,"column":8},"end":{"line":20,"column":94}},"3":{"start":{"line":26,"column":8},"end":{"line":26,"column":22}},"4":{"start":{"line":27,"column":8},"end":{"line":27,"column":23}},"5":{"start":{"line":31,"column":8},"end":{"line":31,"column":28}},"6":{"start":{"line":35,"column":8},"end":{"line":35,"column":28}},"7":{"start":{"line":39,"column":8},"end":{"line":39,"column":59}},"8":{"start":{"line":43,"column":7},"end":{"line":43,"column":50}},"9":{"start":{"line":47,"column":8},"end":{"line":47,"column":69}},"10":{"start":{"line":51,"column":8},"end":{"line":51,"column":31}},"11":{"start":{"line":52,"column":8},"end":{"line":52,"column":29}},"12":{"start":{"line":53,"column":8},"end":{"line":53,"column":33}},"13":{"start":{"line":56,"column":8},"end":{"line":56,"column":33}}},"branchMap":{"1":{"line":15,"type":"if","locations":[{"start":{"line":15,"column":8},"end":{"line":15,"column":8}},{"start":{"line":15,"column":8},"end":{"line":15,"column":8}}]},"2":{"line":20,"type":"if","locations":[{"start":{"line":20,"column":8},"end":{"line":20,"column":8}},{"start":{"line":20,"column":8},"end":{"line":20,"column":8}}]},"3":{"line":47,"type":"if","locations":[{"start":{"line":47,"column":8},"end":{"line":47,"column":8}},{"start":{"line":47,"column":8},"end":{"line":47,"column":8}}]},"4":{"line":51,"type":"if","locations":[{"start":{"line":51,"column":8},"end":{"line":51,"column":8}},{"start":{"line":51,"column":8},"end":{"line":51,"column":8}}]},"5":{"line":52,"type":"if","locations":[{"start":{"line":52,"column":8},"end":{"line":52,"column":8}},{"start":{"line":52,"column":8},"end":{"line":52,"column":8}}]}}}}