{
"contracts/ConvertLib.sol":{"l":{"7":0},"path":"/Users/snow/develop/MetaCoin/contracts/ConvertLib.sol","s":{"1":0},"b":{},"f":{"1":0},"fnMap":{"1":{"name":"convert","line":5,"loc":{"start":{"line":5,"column":1},"end":{"line":8,"column":1}}}},"statementMap":{"1":{"start":{"line":7,"column":2},"end":{"line":7,"column":32}}},"branchMap":{}},
"contracts/ETHFarm.sol":{"l":{"10":0,"11":0,"14":0,"17":0},"path":"/Users/snow/develop/MetaCoin/contracts/ETHFarm.sol","s":{"1":0,"2":0,"3":0},"b":{"1":[0,0]},"f":{"1":0,"2":0,"3":0},"fnMap":{"1":{"name":"onlyOwner","line":9,"loc":{"start":{"line":9,"column":4},"end":{"line":12,"column":4}}},"2":{"name":"constructor","line":13,"loc":{"start":{"line":13,"column":4},"end":{"line":15,"column":4}}},"3":{"name":"mint","line":16,"loc":{"start":{"line":16,"column":4},"end":{"line":18,"column":4}}}},"statementMap":{"1":{"start":{"line":10,"column":8},"end":{"line":10,"column":71}},"2":{"start":{"line":14,"column":8},"end":{"line":14,"column":25}},"3":{"start":{"line":17,"column":8},"end":{"line":17,"column":30}}},"branchMap":{"1":{"line":10,"type":"if","locations":[{"start":{"line":10,"column":8},"end":{"line":10,"column":8}},{"start":{"line":10,"column":8},"end":{"line":10,"column":8}}]}}},
"contracts/FETH.sol":{"l":{"13":0,"14":0,"17":0,"21":0,"22":0,"24":0,"27":0,"30":0,"35":0,"37":0,"38":0,"39":0,"41":0,"45":0,"46":0},"path":"/Users/snow/develop/MetaCoin/contracts/FETH.sol","s":{"1":0,"2":0,"3":0,"4":0,"5":0,"6":0,"7":0,"8":0,"9":0,"10":0,"11":0,"12":0,"13":0,"14":0},"b":{"1":[0,0],"2":[0,0],"3":[0,0]},"f":{"1":0,"2":0,"3":0,"4":0,"5":0},"fnMap":{"1":{"name":"onlyOwner","line":12,"loc":{"start":{"line":12,"column":4},"end":{"line":15,"column":4}}},"2":{"name":"constructor","line":16,"loc":{"start":{"line":16,"column":4},"end":{"line":18,"column":4}}},"3":{"name":"airDrop","line":20,"loc":{"start":{"line":20,"column":4},"end":{"line":32,"column":4}}},"4":{"name":"airDropETH","line":34,"loc":{"start":{"line":34,"column":1},"end":{"line":42,"column":1}}},"5":{"name":"withDraw","line":44,"loc":{"start":{"line":44,"column":4},"end":{"line":47,"column":4}}}},"statementMap":{"1":{"start":{"line":13,"column":8},"end":{"line":13,"column":71}},"2":{"start":{"line":17,"column":8},"end":{"line":17,"column":25}},"3":{"start":{"line":21,"column":8},"end":{"line":21,"column":656}},"4":{"start":{"line":22,"column":12},"end":{"line":22,"column":718}},"5":{"start":{"line":24,"column":16},"end":{"line":24,"column":74}},"6":{"start":{"line":27,"column":16},"end":{"line":27,"column":42}},"7":{"start":{"line":30,"column":12},"end":{"line":30,"column":53}},"8":{"start":{"line":35,"column":8},"end":{"line":35,"column":78}},"9":{"start":{"line":37,"column":8},"end":{"line":37,"column":1254}},"10":{"start":{"line":38,"column":12},"end":{"line":38,"column":49}},"11":{"start":{"line":39,"column":12},"end":{"line":39,"column":49}},"12":{"start":{"line":41,"column":8},"end":{"line":41,"column":19}},"13":{"start":{"line":45,"column":8},"end":{"line":45,"column":53}},"14":{"start":{"line":46,"column":8},"end":{"line":46,"column":51}}},"branchMap":{"1":{"line":13,"type":"if","locations":[{"start":{"line":13,"column":8},"end":{"line":13,"column":8}},{"start":{"line":13,"column":8},"end":{"line":13,"column":8}}]},"2":{"line":22,"type":"if","locations":[{"start":{"line":22,"column":12},"end":{"line":22,"column":12}},{"start":{"line":22,"column":12},"end":{"line":22,"column":12}}]},"3":{"line":35,"type":"if","locations":[{"start":{"line":35,"column":8},"end":{"line":35,"column":8}},{"start":{"line":35,"column":8},"end":{"line":35,"column":8}}]}}},
"contracts/mock/XToken.sol":{"l":{"12":0},"path":"/Users/snow/develop/MetaCoin/contracts/mock/XToken.sol","s":{"1":0},"b":{},"f":{"1":0},"fnMap":{"1":{"name":"constructor","line":11,"loc":{"start":{"line":11,"column":4},"end":{"line":13,"column":4}}}},"statementMap":{"1":{"start":{"line":12,"column":8},"end":{"line":12,"column":47}}},"branchMap":{}},
"contracts/MyToken.sol":{"l":{"7":0},"path":"/Users/snow/develop/MetaCoin/contracts/MyToken.sol","s":{"1":0},"b":{},"f":{"1":0},"fnMap":{"1":{"name":"constructor","line":6,"loc":{"start":{"line":6,"column":4},"end":{"line":8,"column":4}}}},"statementMap":{"1":{"start":{"line":7,"column":8},"end":{"line":7,"column":30}}},"branchMap":{}}}
