TN:
SF:/Users/snow/develop/MetaCoin/contracts/ConvertLib.sol
FN:5,convert
FNF:1
FNH:0
FNDA:0,convert
DA:7,0
LF:1
LH:0
BRF:0
BRH:0
end_of_record
TN:
SF:/Users/snow/develop/MetaCoin/contracts/ETHFarm.sol
FN:9,onlyOwner
FN:13,constructor
FN:16,mint
FNF:3
FNH:0
FNDA:0,onlyOwner
FNDA:0,constructor
FNDA:0,mint
DA:10,0
DA:11,0
DA:14,0
DA:17,0
LF:4
LH:0
BRDA:10,1,0,0
BRDA:10,1,1,0
BRF:2
BRH:0
end_of_record
TN:
SF:/Users/snow/develop/MetaCoin/contracts/FETH.sol
FN:12,onlyOwner
FN:16,constructor
FN:20,airDrop
FN:34,airDropETH
FN:44,withDraw
FNF:5
FNH:0
FNDA:0,onlyOwner
FNDA:0,constructor
FNDA:0,airDrop
FNDA:0,airDropETH
FNDA:0,withDraw
DA:13,0
DA:14,0
DA:17,0
DA:21,0
DA:22,0
DA:24,0
DA:27,0
DA:30,0
DA:35,0
DA:37,0
DA:38,0
DA:39,0
DA:41,0
DA:45,0
DA:46,0
LF:15
LH:0
BRDA:13,1,0,0
BRDA:13,1,1,0
BRDA:22,2,0,0
BRDA:22,2,1,0
BRDA:35,3,0,0
BRDA:35,3,1,0
BRF:6
BRH:0
end_of_record
TN:
SF:/Users/snow/develop/MetaCoin/contracts/mock/XToken.sol
FN:11,constructor
FNF:1
FNH:0
FNDA:0,constructor
DA:12,0
LF:1
LH:0
BRF:0
BRH:0
end_of_record
TN:
SF:/Users/snow/develop/MetaCoin/contracts/MyToken.sol
FN:6,constructor
FNF:1
FNH:0
FNDA:0,constructor
DA:7,0
LF:1
LH:0
BRF:0
BRH:0
end_of_record
