{
"contracts/ETHFarm.sol":{"l":{"36":0,"37":0,"40":3,"41":3,"44":10,"45":10,"46":10,"52":18,"53":8,"55":10,"57":10,"58":2,"61":10,"62":10,"64":18,"65":18,"66":18,"69":2,"70":2,"72":2,"73":2,"74":0,"76":2,"77":2,"79":2,"80":2,"84":2,"85":2,"86":2,"92":10,"93":10,"94":10,"95":8,"97":8,"98":4,"99":4,"101":8,"102":8,"103":4,"105":8,"106":8,"108":8,"111":4,"112":4,"114":4,"115":4,"116":4,"119":4,"124":0,"128":1,"131":1,"132":1,"133":1,"134":1,"137":3,"138":3,"139":3,"142":2,"145":1,"148":4,"151":4,"152":4,"153":2,"155":4,"157":4,"158":4,"159":4,"161":4,"162":2,"163":2,"164":2,"165":2,"166":2,"167":2},"path":"/Users/snow/develop/MetaCoin/contracts/ETHFarm.sol","s":{"1":0,"2":3,"3":10,"4":10,"5":10,"6":18,"7":8,"8":10,"9":10,"10":2,"11":10,"12":10,"13":18,"14":18,"15":18,"16":2,"17":2,"18":2,"19":2,"20":0,"21":2,"22":2,"23":2,"24":2,"25":2,"26":2,"27":2,"28":10,"29":10,"30":10,"31":8,"32":8,"33":4,"34":4,"35":8,"36":8,"37":4,"38":8,"39":8,"40":8,"41":4,"42":4,"43":4,"44":4,"45":4,"46":4,"47":0,"48":1,"49":1,"50":1,"51":1,"52":1,"53":3,"54":3,"55":3,"56":2,"57":1,"58":4,"59":4,"60":4,"61":2,"62":4,"63":4,"64":4,"65":4,"66":4,"67":2,"68":2,"69":2,"70":2,"71":2,"72":2},"b":{"1":[0,0],"2":[3,0],"3":[8,10],"4":[18,0],"5":[2,0],"6":[2,0],"7":[10,0],"8":[10,0],"9":[8,2],"10":[4,4],"11":[4,4],"12":[4,4],"13":[4,0],"14":[4,0],"15":[2,2],"16":[2,2]},"f":{"1":0,"2":3,"3":10,"4":18,"5":2,"6":2,"7":10,"8":0,"9":1,"10":1,"11":3,"12":2,"13":1,"14":4},"fnMap":{"1":{"name":"onlyOwner","line":35,"loc":{"start":{"line":35,"column":4},"end":{"line":38,"column":4}}},"2":{"name":"onlyTempAuth","line":39,"loc":{"start":{"line":39,"column":4},"end":{"line":42,"column":4}}},"3":{"name":"constructor","line":43,"loc":{"start":{"line":43,"column":4},"end":{"line":47,"column":4}}},"4":{"name":"deposit","line":50,"loc":{"start":{"line":50,"column":4},"end":{"line":67,"column":4}}},"5":{"name":"withdraw","line":68,"loc":{"start":{"line":68,"column":4},"end":{"line":81,"column":4}}},"6":{"name":"getCurrentRate","line":83,"loc":{"start":{"line":83,"column":4},"end":{"line":87,"column":4}}},"7":{"name":"vote","line":89,"loc":{"start":{"line":89,"column":4},"end":{"line":122,"column":4}}},"8":{"name":"getMoneyBagByIndex","line":123,"loc":{"start":{"line":123,"column":4},"end":{"line":125,"column":4}}},"9":{"name":"getProposalNumber","line":127,"loc":{"start":{"line":127,"column":4},"end":{"line":129,"column":4}}},"10":{"name":"getProposalByIndex","line":130,"loc":{"start":{"line":130,"column":4},"end":{"line":135,"column":4}}},"11":{"name":"getProposal","line":136,"loc":{"start":{"line":136,"column":4},"end":{"line":140,"column":4}}},"12":{"name":"pause","line":141,"loc":{"start":{"line":141,"column":4},"end":{"line":143,"column":4}}},"13":{"name":"unpause","line":144,"loc":{"start":{"line":144,"column":4},"end":{"line":146,"column":4}}},"14":{"name":"unActiveVot","line":147,"loc":{"start":{"line":147,"column":4},"end":{"line":169,"column":4}}}},"statementMap":{"1":{"start":{"line":36,"column":8},"end":{"line":36,"column":71}},"2":{"start":{"line":40,"column":8},"end":{"line":40,"column":73}},"3":{"start":{"line":44,"column":8},"end":{"line":44,"column":25}},"4":{"start":{"line":45,"column":8},"end":{"line":45,"column":17}},"5":{"start":{"line":46,"column":8},"end":{"line":46,"column":20}},"6":{"start":{"line":52,"column":8},"end":{"line":52,"column":1655}},"7":{"start":{"line":53,"column":12},"end":{"line":53,"column":33}},"8":{"start":{"line":55,"column":12},"end":{"line":55,"column":61}},"9":{"start":{"line":57,"column":12},"end":{"line":57,"column":1818}},"10":{"start":{"line":58,"column":16},"end":{"line":58,"column":77}},"11":{"start":{"line":61,"column":12},"end":{"line":61,"column":63}},"12":{"start":{"line":62,"column":12},"end":{"line":62,"column":61}},"13":{"start":{"line":64,"column":8},"end":{"line":64,"column":90}},"14":{"start":{"line":65,"column":8},"end":{"line":65,"column":38}},"15":{"start":{"line":66,"column":8},"end":{"line":66,"column":44}},"16":{"start":{"line":69,"column":8},"end":{"line":69,"column":74}},"17":{"start":{"line":70,"column":8},"end":{"line":70,"column":66}},"18":{"start":{"line":72,"column":8},"end":{"line":72,"column":57}},"19":{"start":{"line":73,"column":8},"end":{"line":73,"column":2591}},"20":{"start":{"line":74,"column":12},"end":{"line":74,"column":73}},"21":{"start":{"line":76,"column":8},"end":{"line":76,"column":54}},"22":{"start":{"line":77,"column":8},"end":{"line":77,"column":38}},"23":{"start":{"line":79,"column":8},"end":{"line":79,"column":76}},"24":{"start":{"line":80,"column":8},"end":{"line":80,"column":44}},"25":{"start":{"line":84,"column":8},"end":{"line":84,"column":70}},"26":{"start":{"line":85,"column":8},"end":{"line":85,"column":58}},"27":{"start":{"line":86,"column":8},"end":{"line":86,"column":52}},"28":{"start":{"line":92,"column":12},"end":{"line":92,"column":66}},"29":{"start":{"line":93,"column":12},"end":{"line":93,"column":116}},"30":{"start":{"line":94,"column":12},"end":{"line":94,"column":66}},"31":{"start":{"line":95,"column":12},"end":{"line":95,"column":33}},"32":{"start":{"line":97,"column":12},"end":{"line":97,"column":3679}},"33":{"start":{"line":98,"column":16},"end":{"line":98,"column":80}},"34":{"start":{"line":99,"column":16},"end":{"line":99,"column":43}},"35":{"start":{"line":101,"column":12},"end":{"line":101,"column":67}},"36":{"start":{"line":102,"column":12},"end":{"line":102,"column":3941}},"37":{"start":{"line":103,"column":16},"end":{"line":103,"column":38}},"38":{"start":{"line":105,"column":12},"end":{"line":105,"column":95}},"39":{"start":{"line":106,"column":12},"end":{"line":106,"column":86}},"40":{"start":{"line":108,"column":12},"end":{"line":108,"column":4221}},"41":{"start":{"line":111,"column":16},"end":{"line":111,"column":40}},"42":{"start":{"line":112,"column":16},"end":{"line":112,"column":48}},"43":{"start":{"line":114,"column":16},"end":{"line":114,"column":51}},"44":{"start":{"line":115,"column":16},"end":{"line":115,"column":43}},"45":{"start":{"line":116,"column":16},"end":{"line":116,"column":66}},"46":{"start":{"line":119,"column":16},"end":{"line":119,"column":41}},"47":{"start":{"line":124,"column":8},"end":{"line":124,"column":28}},"48":{"start":{"line":128,"column":8},"end":{"line":128,"column":36}},"49":{"start":{"line":131,"column":8},"end":{"line":131,"column":38}},"50":{"start":{"line":132,"column":8},"end":{"line":132,"column":42}},"51":{"start":{"line":133,"column":8},"end":{"line":133,"column":40}},"52":{"start":{"line":134,"column":8},"end":{"line":134,"column":44}},"53":{"start":{"line":137,"column":8},"end":{"line":137,"column":42}},"54":{"start":{"line":138,"column":8},"end":{"line":138,"column":40}},"55":{"start":{"line":139,"column":8},"end":{"line":139,"column":44}},"56":{"start":{"line":142,"column":8},"end":{"line":142,"column":15}},"57":{"start":{"line":145,"column":8},"end":{"line":145,"column":17}},"58":{"start":{"line":148,"column":8},"end":{"line":148,"column":102}},"59":{"start":{"line":151,"column":8},"end":{"line":151,"column":62}},"60":{"start":{"line":152,"column":8},"end":{"line":152,"column":5948}},"61":{"start":{"line":153,"column":12},"end":{"line":153,"column":40}},"62":{"start":{"line":155,"column":8},"end":{"line":155,"column":29}},"63":{"start":{"line":157,"column":8},"end":{"line":157,"column":42}},"64":{"start":{"line":158,"column":8},"end":{"line":158,"column":91}},"65":{"start":{"line":159,"column":8},"end":{"line":159,"column":82}},"66":{"start":{"line":161,"column":8},"end":{"line":161,"column":6305}},"67":{"start":{"line":162,"column":12},"end":{"line":162,"column":36}},"68":{"start":{"line":163,"column":12},"end":{"line":163,"column":45}},"69":{"start":{"line":164,"column":12},"end":{"line":164,"column":40}},"70":{"start":{"line":165,"column":12},"end":{"line":165,"column":42}},"71":{"start":{"line":166,"column":12},"end":{"line":166,"column":41}},"72":{"start":{"line":167,"column":12},"end":{"line":167,"column":37}}},"branchMap":{"1":{"line":36,"type":"if","locations":[{"start":{"line":36,"column":8},"end":{"line":36,"column":8}},{"start":{"line":36,"column":8},"end":{"line":36,"column":8}}]},"2":{"line":40,"type":"if","locations":[{"start":{"line":40,"column":8},"end":{"line":40,"column":8}},{"start":{"line":40,"column":8},"end":{"line":40,"column":8}}]},"3":{"line":52,"type":"if","locations":[{"start":{"line":52,"column":8},"end":{"line":52,"column":8}},{"start":{"line":52,"column":8},"end":{"line":52,"column":8}}]},"4":{"line":64,"type":"if","locations":[{"start":{"line":64,"column":8},"end":{"line":64,"column":8}},{"start":{"line":64,"column":8},"end":{"line":64,"column":8}}]},"5":{"line":69,"type":"if","locations":[{"start":{"line":69,"column":8},"end":{"line":69,"column":8}},{"start":{"line":69,"column":8},"end":{"line":69,"column":8}}]},"6":{"line":79,"type":"if","locations":[{"start":{"line":79,"column":8},"end":{"line":79,"column":8}},{"start":{"line":79,"column":8},"end":{"line":79,"column":8}}]},"7":{"line":92,"type":"if","locations":[{"start":{"line":92,"column":12},"end":{"line":92,"column":12}},{"start":{"line":92,"column":12},"end":{"line":92,"column":12}}]},"8":{"line":93,"type":"if","locations":[{"start":{"line":93,"column":12},"end":{"line":93,"column":12}},{"start":{"line":93,"column":12},"end":{"line":93,"column":12}}]},"9":{"line":94,"type":"if","locations":[{"start":{"line":94,"column":12},"end":{"line":94,"column":12}},{"start":{"line":94,"column":12},"end":{"line":94,"column":12}}]},"10":{"line":97,"type":"if","locations":[{"start":{"line":97,"column":12},"end":{"line":97,"column":12}},{"start":{"line":97,"column":12},"end":{"line":97,"column":12}}]},"11":{"line":102,"type":"if","locations":[{"start":{"line":102,"column":12},"end":{"line":102,"column":12}},{"start":{"line":102,"column":12},"end":{"line":102,"column":12}}]},"12":{"line":108,"type":"if","locations":[{"start":{"line":108,"column":12},"end":{"line":108,"column":12}},{"start":{"line":108,"column":12},"end":{"line":108,"column":12}}]},"13":{"line":148,"type":"if","locations":[{"start":{"line":148,"column":8},"end":{"line":148,"column":8}},{"start":{"line":148,"column":8},"end":{"line":148,"column":8}}]},"14":{"line":151,"type":"if","locations":[{"start":{"line":151,"column":8},"end":{"line":151,"column":8}},{"start":{"line":151,"column":8},"end":{"line":151,"column":8}}]},"15":{"line":152,"type":"if","locations":[{"start":{"line":152,"column":8},"end":{"line":152,"column":8}},{"start":{"line":152,"column":8},"end":{"line":152,"column":8}}]},"16":{"line":161,"type":"if","locations":[{"start":{"line":161,"column":8},"end":{"line":161,"column":8}},{"start":{"line":161,"column":8},"end":{"line":161,"column":8}}]}}},
"contracts/FETH.sol":{"l":{"13":22,"14":16,"17":18,"21":12,"22":36,"24":3,"27":33,"30":36,"35":3,"37":3,"38":9,"39":9,"41":3,"45":1,"46":1,"49":2,"50":2,"51":2},"path":"/Users/snow/develop/MetaCoin/contracts/FETH.sol","s":{"1":22,"2":18,"3":12,"4":36,"5":3,"6":33,"7":36,"8":3,"9":3,"10":9,"11":9,"12":3,"13":1,"14":1,"15":2,"16":2,"17":2},"b":{"1":[16,6],"2":[3,33],"3":[3,0]},"f":{"1":22,"2":18,"3":12,"4":3,"5":1,"6":2},"fnMap":{"1":{"name":"onlyOwner","line":12,"loc":{"start":{"line":12,"column":4},"end":{"line":15,"column":4}}},"2":{"name":"constructor","line":16,"loc":{"start":{"line":16,"column":4},"end":{"line":18,"column":4}}},"3":{"name":"airdrop","line":20,"loc":{"start":{"line":20,"column":4},"end":{"line":32,"column":4}}},"4":{"name":"airdropETH","line":34,"loc":{"start":{"line":34,"column":1},"end":{"line":42,"column":1}}},"5":{"name":"withdraw","line":44,"loc":{"start":{"line":44,"column":4},"end":{"line":47,"column":4}}},"6":{"name":"withdrawFETH","line":48,"loc":{"start":{"line":48,"column":4},"end":{"line":52,"column":4}}}},"statementMap":{"1":{"start":{"line":13,"column":8},"end":{"line":13,"column":71}},"2":{"start":{"line":17,"column":8},"end":{"line":17,"column":25}},"3":{"start":{"line":21,"column":8},"end":{"line":21,"column":656}},"4":{"start":{"line":22,"column":12},"end":{"line":22,"column":718}},"5":{"start":{"line":24,"column":16},"end":{"line":24,"column":74}},"6":{"start":{"line":27,"column":16},"end":{"line":27,"column":42}},"7":{"start":{"line":30,"column":12},"end":{"line":30,"column":53}},"8":{"start":{"line":35,"column":8},"end":{"line":35,"column":78}},"9":{"start":{"line":37,"column":8},"end":{"line":37,"column":1254}},"10":{"start":{"line":38,"column":12},"end":{"line":38,"column":49}},"11":{"start":{"line":39,"column":12},"end":{"line":39,"column":49}},"12":{"start":{"line":41,"column":8},"end":{"line":41,"column":19}},"13":{"start":{"line":45,"column":8},"end":{"line":45,"column":53}},"14":{"start":{"line":46,"column":8},"end":{"line":46,"column":51}},"15":{"start":{"line":49,"column":8},"end":{"line":49,"column":32}},"16":{"start":{"line":50,"column":8},"end":{"line":50,"column":43}},"17":{"start":{"line":51,"column":8},"end":{"line":51,"column":36}}},"branchMap":{"1":{"line":13,"type":"if","locations":[{"start":{"line":13,"column":8},"end":{"line":13,"column":8}},{"start":{"line":13,"column":8},"end":{"line":13,"column":8}}]},"2":{"line":22,"type":"if","locations":[{"start":{"line":22,"column":12},"end":{"line":22,"column":12}},{"start":{"line":22,"column":12},"end":{"line":22,"column":12}}]},"3":{"line":35,"type":"if","locations":[{"start":{"line":35,"column":8},"end":{"line":35,"column":8}},{"start":{"line":35,"column":8},"end":{"line":35,"column":8}}]}}},
"contracts/interfaces/ICompound.sol":{"l":{},"path":"/Users/snow/develop/MetaCoin/contracts/interfaces/ICompound.sol","s":{},"b":{},"f":{},"fnMap":{},"statementMap":{},"branchMap":{}},
"contracts/interfaces/IFarm.sol":{"l":{},"path":"/Users/snow/develop/MetaCoin/contracts/interfaces/IFarm.sol","s":{},"b":{},"f":{},"fnMap":{},"statementMap":{},"branchMap":{}},
"contracts/interfaces/IFETH.sol":{"l":{},"path":"/Users/snow/develop/MetaCoin/contracts/interfaces/IFETH.sol","s":{},"b":{},"f":{},"fnMap":{},"statementMap":{},"branchMap":{}},
"contracts/interfaces/IProposal.sol":{"l":{},"path":"/Users/snow/develop/MetaCoin/contracts/interfaces/IProposal.sol","s":{},"b":{},"f":{},"fnMap":{},"statementMap":{},"branchMap":{}},
"contracts/interfaces/IUniswap.sol":{"l":{},"path":"/Users/snow/develop/MetaCoin/contracts/interfaces/IUniswap.sol","s":{},"b":{},"f":{},"fnMap":{},"statementMap":{},"branchMap":{}},
"contracts/interfaces/IVOT.sol":{"l":{},"path":"/Users/snow/develop/MetaCoin/contracts/interfaces/IVOT.sol","s":{},"b":{},"f":{},"fnMap":{},"statementMap":{},"branchMap":{}},
"contracts/mock/MockCETH.sol":{"l":{"11":4,"18":2,"21":4,"24":1,"25":1,"26":1},"path":"/Users/snow/develop/MetaCoin/contracts/mock/MockCETH.sol","s":{"1":4,"2":2,"3":4,"4":1,"5":1,"6":1},"b":{},"f":{"1":4,"2":2,"3":4,"4":1},"fnMap":{"1":{"name":"constructor","line":10,"loc":{"start":{"line":10,"column":4},"end":{"line":12,"column":1}}},"2":{"name":"mint","line":17,"loc":{"start":{"line":17,"column":4},"end":{"line":19,"column":4}}},"3":{"name":"exchangeRateStored","line":20,"loc":{"start":{"line":20,"column":4},"end":{"line":22,"column":4}}},"4":{"name":"redeem","line":23,"loc":{"start":{"line":23,"column":4},"end":{"line":27,"column":4}}}},"statementMap":{"1":{"start":{"line":11,"column":8},"end":{"line":11,"column":24}},"2":{"start":{"line":18,"column":8},"end":{"line":18,"column":55}},"3":{"start":{"line":21,"column":8},"end":{"line":21,"column":25}},"4":{"start":{"line":24,"column":8},"end":{"line":24,"column":38}},"5":{"start":{"line":25,"column":8},"end":{"line":25,"column":60}},"6":{"start":{"line":26,"column":8},"end":{"line":26,"column":16}}},"branchMap":{}},
"contracts/mock/XToken.sol":{"l":{"11":8},"path":"/Users/snow/develop/MetaCoin/contracts/mock/XToken.sol","s":{"1":8},"b":{},"f":{"1":8},"fnMap":{"1":{"name":"constructor","line":10,"loc":{"start":{"line":10,"column":4},"end":{"line":12,"column":4}}}},"statementMap":{"1":{"start":{"line":11,"column":8},"end":{"line":11,"column":47}}},"branchMap":{}},
"contracts/proposals/CompoundDeposit.sol":{"l":{"19":4,"20":4,"21":4,"25":2,"26":2,"30":2,"32":2,"33":2,"34":2,"37":4,"38":4,"39":4,"42":1,"43":1,"44":1,"45":1},"path":"/Users/snow/develop/MetaCoin/contracts/proposals/CompoundDeposit.sol","s":{"1":4,"2":4,"3":4,"4":2,"5":2,"6":2,"7":2,"8":2,"9":4,"10":4,"11":4,"12":1,"13":1,"14":1,"15":1},"b":{"1":[2,0]},"f":{"1":4,"2":2,"3":2,"4":4,"5":1},"fnMap":{"1":{"name":"constructor","line":18,"loc":{"start":{"line":18,"column":4},"end":{"line":22,"column":4}}},"2":{"name":"onlyFarm","line":24,"loc":{"start":{"line":24,"column":4},"end":{"line":27,"column":4}}},"3":{"name":"active","line":29,"loc":{"start":{"line":29,"column":4},"end":{"line":35,"column":4}}},"4":{"name":"getBalance","line":36,"loc":{"start":{"line":36,"column":4},"end":{"line":40,"column":4}}},"5":{"name":"unActive","line":41,"loc":{"start":{"line":41,"column":4},"end":{"line":46,"column":4}}}},"statementMap":{"1":{"start":{"line":19,"column":8},"end":{"line":19,"column":22}},"2":{"start":{"line":20,"column":8},"end":{"line":20,"column":22}},"3":{"start":{"line":21,"column":8},"end":{"line":21,"column":22}},"4":{"start":{"line":25,"column":8},"end":{"line":25,"column":69}},"5":{"start":{"line":30,"column":8},"end":{"line":30,"column":63}},"6":{"start":{"line":32,"column":8},"end":{"line":32,"column":36}},"7":{"start":{"line":33,"column":8},"end":{"line":33,"column":34}},"8":{"start":{"line":34,"column":8},"end":{"line":34,"column":20}},"9":{"start":{"line":37,"column":8},"end":{"line":37,"column":58}},"10":{"start":{"line":38,"column":8},"end":{"line":38,"column":48}},"11":{"start":{"line":39,"column":8},"end":{"line":39,"column":76}},"12":{"start":{"line":42,"column":8},"end":{"line":42,"column":58}},"13":{"start":{"line":43,"column":8},"end":{"line":43,"column":30}},"14":{"start":{"line":44,"column":8},"end":{"line":44,"column":57}},"15":{"start":{"line":45,"column":8},"end":{"line":45,"column":21}}},"branchMap":{"1":{"line":25,"type":"if","locations":[{"start":{"line":25,"column":8},"end":{"line":25,"column":8}},{"start":{"line":25,"column":8},"end":{"line":25,"column":8}}]}}},
"contracts/proposals/PauseDeposit.sol":{"l":{"11":4,"15":3,"16":3,"20":0,"23":2,"24":2,"28":1,"29":1},"path":"/Users/snow/develop/MetaCoin/contracts/proposals/PauseDeposit.sol","s":{"1":4,"2":3,"3":0,"4":2,"5":2,"6":1,"7":1},"b":{"1":[3,0]},"f":{"1":4,"2":3,"3":0,"4":2,"5":1},"fnMap":{"1":{"name":"constructor","line":10,"loc":{"start":{"line":10,"column":4},"end":{"line":12,"column":4}}},"2":{"name":"onlyFarm","line":14,"loc":{"start":{"line":14,"column":4},"end":{"line":17,"column":4}}},"3":{"name":"getBalance","line":19,"loc":{"start":{"line":19,"column":4},"end":{"line":21,"column":4}}},"4":{"name":"active","line":22,"loc":{"start":{"line":22,"column":4},"end":{"line":25,"column":4}}},"5":{"name":"unActive","line":27,"loc":{"start":{"line":27,"column":4},"end":{"line":30,"column":4}}}},"statementMap":{"1":{"start":{"line":11,"column":8},"end":{"line":11,"column":22}},"2":{"start":{"line":15,"column":8},"end":{"line":15,"column":69}},"3":{"start":{"line":20,"column":8},"end":{"line":20,"column":20}},"4":{"start":{"line":23,"column":8},"end":{"line":23,"column":19}},"5":{"start":{"line":24,"column":8},"end":{"line":24,"column":20}},"6":{"start":{"line":28,"column":8},"end":{"line":28,"column":21}},"7":{"start":{"line":29,"column":8},"end":{"line":29,"column":21}}},"branchMap":{"1":{"line":15,"type":"if","locations":[{"start":{"line":15,"column":8},"end":{"line":15,"column":8}},{"start":{"line":15,"column":8},"end":{"line":15,"column":8}}]}}},
"contracts/Vot.sol":{"l":{"15":43,"16":39,"20":0,"21":0,"26":16,"27":16,"31":22,"35":3,"39":14,"43":18,"47":28,"51":0,"52":0,"53":0,"56":5},"path":"/Users/snow/develop/MetaCoin/contracts/Vot.sol","s":{"1":43,"2":0,"3":16,"4":16,"5":22,"6":3,"7":14,"8":18,"9":28,"10":0,"11":0,"12":0,"13":5},"b":{"1":[39,4],"2":[0,0],"3":[26,2],"4":[0,0],"5":[0,0]},"f":{"1":43,"2":0,"3":16,"4":16,"5":22,"6":3,"7":14,"8":18,"9":28,"10":0,"11":5},"fnMap":{"1":{"name":"onlyFarm","line":14,"loc":{"start":{"line":14,"column":4},"end":{"line":17,"column":4}}},"2":{"name":"onlyFarmOrOwner","line":19,"loc":{"start":{"line":19,"column":4},"end":{"line":22,"column":4}}},"3":{"name":"constructor","line":23,"loc":{"start":{"line":23,"column":4},"end":{"line":23,"column":47}}},"4":{"name":"setFarm","line":25,"loc":{"start":{"line":25,"column":4},"end":{"line":28,"column":4}}},"5":{"name":"mint","line":30,"loc":{"start":{"line":30,"column":4},"end":{"line":32,"column":4}}},"6":{"name":"burn","line":34,"loc":{"start":{"line":34,"column":4},"end":{"line":36,"column":4}}},"7":{"name":"freeze","line":38,"loc":{"start":{"line":38,"column":4},"end":{"line":40,"column":4}}},"8":{"name":"isFreezed","line":42,"loc":{"start":{"line":42,"column":4},"end":{"line":44,"column":4}}},"9":{"name":"_beforeTokenTransfer","line":46,"loc":{"start":{"line":46,"column":4},"end":{"line":48,"column":4}}},"10":{"name":"setFreezeInterval","line":50,"loc":{"start":{"line":50,"column":4},"end":{"line":54,"column":4}}},"11":{"name":"freezeInterval","line":55,"loc":{"start":{"line":55,"column":4},"end":{"line":57,"column":4}}}},"statementMap":{"1":{"start":{"line":15,"column":8},"end":{"line":15,"column":60}},"2":{"start":{"line":20,"column":8},"end":{"line":20,"column":94}},"3":{"start":{"line":26,"column":8},"end":{"line":26,"column":22}},"4":{"start":{"line":27,"column":8},"end":{"line":27,"column":23}},"5":{"start":{"line":31,"column":8},"end":{"line":31,"column":28}},"6":{"start":{"line":35,"column":8},"end":{"line":35,"column":28}},"7":{"start":{"line":39,"column":8},"end":{"line":39,"column":59}},"8":{"start":{"line":43,"column":7},"end":{"line":43,"column":50}},"9":{"start":{"line":47,"column":8},"end":{"line":47,"column":69}},"10":{"start":{"line":51,"column":8},"end":{"line":51,"column":31}},"11":{"start":{"line":52,"column":8},"end":{"line":52,"column":29}},"12":{"start":{"line":53,"column":8},"end":{"line":53,"column":33}},"13":{"start":{"line":56,"column":8},"end":{"line":56,"column":33}}},"branchMap":{"1":{"line":15,"type":"if","locations":[{"start":{"line":15,"column":8},"end":{"line":15,"column":8}},{"start":{"line":15,"column":8},"end":{"line":15,"column":8}}]},"2":{"line":20,"type":"if","locations":[{"start":{"line":20,"column":8},"end":{"line":20,"column":8}},{"start":{"line":20,"column":8},"end":{"line":20,"column":8}}]},"3":{"line":47,"type":"if","locations":[{"start":{"line":47,"column":8},"end":{"line":47,"column":8}},{"start":{"line":47,"column":8},"end":{"line":47,"column":8}}]},"4":{"line":51,"type":"if","locations":[{"start":{"line":51,"column":8},"end":{"line":51,"column":8}},{"start":{"line":51,"column":8},"end":{"line":51,"column":8}}]},"5":{"line":52,"type":"if","locations":[{"start":{"line":52,"column":8},"end":{"line":52,"column":8}},{"start":{"line":52,"column":8},"end":{"line":52,"column":8}}]}}}}
