TN:
SF:/Users/snow/develop/MetaCoin/contracts/ETHFarm.sol
FN:35,onlyOwner
FN:39,onlyTempAuth
FN:43,constructor
FN:50,deposit
FN:68,withdraw
FN:83,getCurrentRate
FN:89,vote
FN:123,getMoneyBagByIndex
FN:127,getProposalNumber
FN:130,getProposalByIndex
FN:136,getProposal
FN:141,pause
FN:144,unpause
FN:147,unActiveVot
FNF:14
FNH:12
FNDA:0,onlyOwner
FNDA:3,onlyTempAuth
FNDA:10,constructor
FNDA:18,deposit
FNDA:2,withdraw
FNDA:2,getCurrentRate
FNDA:10,vote
FNDA:0,getMoneyBagByIndex
FNDA:1,getProposalNumber
FNDA:1,getProposalByIndex
FNDA:3,getProposal
FNDA:2,pause
FNDA:1,unpause
FNDA:4,unActiveVot
DA:36,0
DA:37,0
DA:40,3
DA:41,3
DA:44,10
DA:45,10
DA:46,10
DA:52,18
DA:53,8
DA:55,10
DA:57,10
DA:58,2
DA:61,10
DA:62,10
DA:64,18
DA:65,18
DA:66,18
DA:69,2
DA:70,2
DA:72,2
DA:73,2
DA:74,0
DA:76,2
DA:77,2
DA:79,2
DA:80,2
DA:84,2
DA:85,2
DA:86,2
DA:92,10
DA:93,10
DA:94,10
DA:95,8
DA:97,8
DA:98,4
DA:99,4
DA:101,8
DA:102,8
DA:103,4
DA:105,8
DA:106,8
DA:108,8
DA:111,4
DA:112,4
DA:114,4
DA:115,4
DA:116,4
DA:119,4
DA:124,0
DA:128,1
DA:131,1
DA:132,1
DA:133,1
DA:134,1
DA:137,3
DA:138,3
DA:139,3
DA:142,2
DA:145,1
DA:148,4
DA:151,4
DA:152,4
DA:153,2
DA:155,4
DA:157,4
DA:158,4
DA:159,4
DA:161,4
DA:162,2
DA:163,2
DA:164,2
DA:165,2
DA:166,2
DA:167,2
LF:74
LH:70
BRDA:36,1,0,0
BRDA:36,1,1,0
BRDA:40,2,0,3
BRDA:40,2,1,0
BRDA:52,3,0,8
BRDA:52,3,1,10
BRDA:64,4,0,18
BRDA:64,4,1,0
BRDA:69,5,0,2
BRDA:69,5,1,0
BRDA:79,6,0,2
BRDA:79,6,1,0
BRDA:92,7,0,10
BRDA:92,7,1,0
BRDA:93,8,0,10
BRDA:93,8,1,0
BRDA:94,9,0,8
BRDA:94,9,1,2
BRDA:97,10,0,4
BRDA:97,10,1,4
BRDA:102,11,0,4
BRDA:102,11,1,4
BRDA:108,12,0,4
BRDA:108,12,1,4
BRDA:148,13,0,4
BRDA:148,13,1,0
BRDA:151,14,0,4
BRDA:151,14,1,0
BRDA:152,15,0,2
BRDA:152,15,1,2
BRDA:161,16,0,2
BRDA:161,16,1,2
BRF:32
BRH:22
end_of_record
TN:
SF:/Users/snow/develop/MetaCoin/contracts/FETH.sol
FN:12,onlyOwner
FN:16,constructor
FN:20,airdrop
FN:34,airdropETH
FN:44,withdraw
FN:48,withdrawFETH
FNF:6
FNH:6
FNDA:22,onlyOwner
FNDA:18,constructor
FNDA:12,airdrop
FNDA:3,airdropETH
FNDA:1,withdraw
FNDA:2,withdrawFETH
DA:13,22
DA:14,16
DA:17,18
DA:21,12
DA:22,36
DA:24,3
DA:27,33
DA:30,36
DA:35,3
DA:37,3
DA:38,9
DA:39,9
DA:41,3
DA:45,1
DA:46,1
DA:49,2
DA:50,2
DA:51,2
LF:18
LH:18
BRDA:13,1,0,16
BRDA:13,1,1,6
BRDA:22,2,0,3
BRDA:22,2,1,33
BRDA:35,3,0,3
BRDA:35,3,1,0
BRF:6
BRH:5
end_of_record
TN:
SF:/Users/snow/develop/MetaCoin/contracts/interfaces/ICompound.sol
FNF:0
FNH:0
LF:0
LH:0
BRF:0
BRH:0
end_of_record
TN:
SF:/Users/snow/develop/MetaCoin/contracts/interfaces/IFarm.sol
FNF:0
FNH:0
LF:0
LH:0
BRF:0
BRH:0
end_of_record
TN:
SF:/Users/snow/develop/MetaCoin/contracts/interfaces/IFETH.sol
FNF:0
FNH:0
LF:0
LH:0
BRF:0
BRH:0
end_of_record
TN:
SF:/Users/snow/develop/MetaCoin/contracts/interfaces/IProposal.sol
FNF:0
FNH:0
LF:0
LH:0
BRF:0
BRH:0
end_of_record
TN:
SF:/Users/snow/develop/MetaCoin/contracts/interfaces/IUniswap.sol
FNF:0
FNH:0
LF:0
LH:0
BRF:0
BRH:0
end_of_record
TN:
SF:/Users/snow/develop/MetaCoin/contracts/interfaces/IVOT.sol
FNF:0
FNH:0
LF:0
LH:0
BRF:0
BRH:0
end_of_record
TN:
SF:/Users/snow/develop/MetaCoin/contracts/mock/MockCETH.sol
FN:10,constructor
FN:17,mint
FN:20,exchangeRateStored
FN:23,redeem
FNF:4
FNH:4
FNDA:4,constructor
FNDA:2,mint
FNDA:4,exchangeRateStored
FNDA:1,redeem
DA:11,4
DA:18,2
DA:21,4
DA:24,1
DA:25,1
DA:26,1
LF:6
LH:6
BRF:0
BRH:0
end_of_record
TN:
SF:/Users/snow/develop/MetaCoin/contracts/mock/XToken.sol
FN:10,constructor
FNF:1
FNH:1
FNDA:8,constructor
DA:11,8
LF:1
LH:1
BRF:0
BRH:0
end_of_record
TN:
SF:/Users/snow/develop/MetaCoin/contracts/proposals/CompoundDeposit.sol
FN:18,constructor
FN:24,onlyFarm
FN:29,active
FN:36,getBalance
FN:41,unActive
FNF:5
FNH:5
FNDA:4,constructor
FNDA:2,onlyFarm
FNDA:2,active
FNDA:4,getBalance
FNDA:1,unActive
DA:19,4
DA:20,4
DA:21,4
DA:25,2
DA:26,2
DA:30,2
DA:32,2
DA:33,2
DA:34,2
DA:37,4
DA:38,4
DA:39,4
DA:42,1
DA:43,1
DA:44,1
DA:45,1
LF:16
LH:16
BRDA:25,1,0,2
BRDA:25,1,1,0
BRF:2
BRH:1
end_of_record
TN:
SF:/Users/snow/develop/MetaCoin/contracts/proposals/PauseDeposit.sol
FN:10,constructor
FN:14,onlyFarm
FN:19,getBalance
FN:22,active
FN:27,unActive
FNF:5
FNH:4
FNDA:4,constructor
FNDA:3,onlyFarm
FNDA:0,getBalance
FNDA:2,active
FNDA:1,unActive
DA:11,4
DA:15,3
DA:16,3
DA:20,0
DA:23,2
DA:24,2
DA:28,1
DA:29,1
LF:8
LH:7
BRDA:15,1,0,3
BRDA:15,1,1,0
BRF:2
BRH:1
end_of_record
TN:
SF:/Users/snow/develop/MetaCoin/contracts/Vot.sol
FN:14,onlyFarm
FN:19,onlyFarmOrOwner
FN:23,constructor
FN:25,setFarm
FN:30,mint
FN:34,burn
FN:38,freeze
FN:42,isFreezed
FN:46,_beforeTokenTransfer
FN:50,setFreezeInterval
FN:55,freezeInterval
FNF:11
FNH:9
FNDA:43,onlyFarm
FNDA:0,onlyFarmOrOwner
FNDA:16,constructor
FNDA:16,setFarm
FNDA:22,mint
FNDA:3,burn
FNDA:14,freeze
FNDA:18,isFreezed
FNDA:28,_beforeTokenTransfer
FNDA:0,setFreezeInterval
FNDA:5,freezeInterval
DA:15,43
DA:16,39
DA:20,0
DA:21,0
DA:26,16
DA:27,16
DA:31,22
DA:35,3
DA:39,14
DA:43,18
DA:47,28
DA:51,0
DA:52,0
DA:53,0
DA:56,5
LF:15
LH:10
BRDA:15,1,0,39
BRDA:15,1,1,4
BRDA:20,2,0,0
BRDA:20,2,1,0
BRDA:47,3,0,26
BRDA:47,3,1,2
BRDA:51,4,0,0
BRDA:51,4,1,0
BRDA:52,5,0,0
BRDA:52,5,1,0
BRF:10
BRH:4
end_of_record
