TN:
SF:/Users/snow/develop/MetaCoin/contracts/ETHFarm.sol
FN:35,onlyOwner
FN:39,onlyTempAuth
FN:43,constructor
FN:50,deposit
FN:68,withdraw
FN:83,getCurrentRate
FN:91,vote
FN:146,getMoneyBagByIndex
FN:150,getProposalNumber
FN:153,getProposalByIndex
FN:159,getProposal
FN:164,pause
FN:167,unpause
FN:170,unActiveVot
FN:191,closeCompound
FNF:15
FNH:12
FNDA:0,onlyOwner
FNDA:3,onlyTempAuth
FNDA:10,constructor
FNDA:18,deposit
FNDA:2,withdraw
FNDA:2,getCurrentRate
FNDA:12,vote
FNDA:0,getMoneyBagByIndex
FNDA:1,getProposalNumber
FNDA:2,getProposalByIndex
FNDA:3,getProposal
FNDA:2,pause
FNDA:1,unpause
FNDA:2,unActiveVot
FNDA:0,closeCompound
DA:36,0
DA:37,0
DA:40,3
DA:41,3
DA:44,10
DA:45,10
DA:46,10
DA:52,18
DA:53,8
DA:55,10
DA:57,10
DA:58,2
DA:61,10
DA:62,10
DA:64,18
DA:65,18
DA:66,18
DA:69,2
DA:70,2
DA:72,2
DA:73,2
DA:74,0
DA:76,2
DA:77,2
DA:79,2
DA:80,2
DA:84,2
DA:85,2
DA:86,2
DA:96,12
DA:97,12
DA:98,12
DA:99,10
DA:101,10
DA:102,5
DA:103,5
DA:105,10
DA:106,10
DA:107,4
DA:109,10
DA:110,10
DA:112,10
DA:115,5
DA:116,5
DA:118,5
DA:119,5
DA:120,5
DA:123,5
DA:147,0
DA:151,1
DA:154,2
DA:155,2
DA:156,2
DA:157,2
DA:160,3
DA:161,3
DA:162,3
DA:165,2
DA:168,1
DA:171,2
DA:174,2
DA:175,2
DA:176,1
DA:179,2
DA:180,2
DA:181,2
DA:183,2
DA:185,1
DA:186,1
DA:187,1
DA:188,1
DA:192,0
LF:72
LH:67
BRDA:36,1,0,0
BRDA:36,1,1,0
BRDA:40,2,0,3
BRDA:40,2,1,0
BRDA:52,3,0,8
BRDA:52,3,1,10
BRDA:64,4,0,18
BRDA:64,4,1,0
BRDA:69,5,0,2
BRDA:69,5,1,0
BRDA:79,6,0,2
BRDA:79,6,1,0
BRDA:96,7,0,12
BRDA:96,7,1,0
BRDA:97,8,0,12
BRDA:97,8,1,0
BRDA:98,9,0,10
BRDA:98,9,1,2
BRDA:101,10,0,5
BRDA:101,10,1,5
BRDA:106,11,0,4
BRDA:106,11,1,6
BRDA:112,12,0,5
BRDA:112,12,1,5
BRDA:171,13,0,2
BRDA:171,13,1,0
BRDA:174,14,0,2
BRDA:174,14,1,0
BRDA:175,15,0,1
BRDA:175,15,1,1
BRDA:183,16,0,1
BRDA:183,16,1,1
BRF:32
BRH:22
end_of_record
TN:
SF:/Users/snow/develop/MetaCoin/contracts/FETH.sol
FN:12,onlyOwner
FN:16,constructor
FN:20,airdrop
FN:34,airdropETH
FN:44,withdraw
FN:48,withdrawFETH
FNF:6
FNH:6
FNDA:22,onlyOwner
FNDA:18,constructor
FNDA:12,airdrop
FNDA:3,airdropETH
FNDA:1,withdraw
FNDA:2,withdrawFETH
DA:13,22
DA:14,16
DA:17,18
DA:21,12
DA:22,36
DA:24,3
DA:27,33
DA:30,36
DA:35,3
DA:37,3
DA:38,9
DA:39,9
DA:41,3
DA:45,1
DA:46,1
DA:49,2
DA:50,2
DA:51,2
LF:18
LH:18
BRDA:13,1,0,16
BRDA:13,1,1,6
BRDA:22,2,0,3
BRDA:22,2,1,33
BRDA:35,3,0,3
BRDA:35,3,1,0
BRF:6
BRH:5
end_of_record
TN:
SF:/Users/snow/develop/MetaCoin/contracts/interfaces/ICompound.sol
FNF:0
FNH:0
LF:0
LH:0
BRF:0
BRH:0
end_of_record
TN:
SF:/Users/snow/develop/MetaCoin/contracts/interfaces/IFarm.sol
FNF:0
FNH:0
LF:0
LH:0
BRF:0
BRH:0
end_of_record
TN:
SF:/Users/snow/develop/MetaCoin/contracts/interfaces/IFETH.sol
FNF:0
FNH:0
LF:0
LH:0
BRF:0
BRH:0
end_of_record
TN:
SF:/Users/snow/develop/MetaCoin/contracts/interfaces/IProposal.sol
FNF:0
FNH:0
LF:0
LH:0
BRF:0
BRH:0
end_of_record
TN:
SF:/Users/snow/develop/MetaCoin/contracts/interfaces/IUniswap.sol
FNF:0
FNH:0
LF:0
LH:0
BRF:0
BRH:0
end_of_record
TN:
SF:/Users/snow/develop/MetaCoin/contracts/interfaces/IVOT.sol
FNF:0
FNH:0
LF:0
LH:0
BRF:0
BRH:0
end_of_record
TN:
SF:/Users/snow/develop/MetaCoin/contracts/mock/MockCETH.sol
FN:10,constructor
FN:17,mint
FN:20,exchangeRateStored
FN:23,redeem
FNF:4
FNH:4
FNDA:4,constructor
FNDA:2,mint
FNDA:4,exchangeRateStored
FNDA:1,redeem
DA:11,4
DA:18,2
DA:21,4
DA:24,1
DA:25,1
DA:26,1
LF:6
LH:6
BRF:0
BRH:0
end_of_record
TN:
SF:/Users/snow/develop/MetaCoin/contracts/mock/XToken.sol
FN:10,constructor
FNF:1
FNH:1
FNDA:8,constructor
DA:11,8
LF:1
LH:1
BRF:0
BRH:0
end_of_record
TN:
SF:/Users/snow/develop/MetaCoin/contracts/proposals/CompoundDeposit.sol
FN:18,constructor
FN:24,onlyFarm
FN:29,active
FN:36,getBalance
FN:41,unActive
FNF:5
FNH:5
FNDA:4,constructor
FNDA:2,onlyFarm
FNDA:2,active
FNDA:4,getBalance
FNDA:1,unActive
DA:19,4
DA:20,4
DA:21,4
DA:25,2
DA:26,2
DA:30,2
DA:32,2
DA:33,2
DA:34,2
DA:37,4
DA:38,4
DA:39,4
DA:42,1
DA:43,1
DA:44,1
DA:45,1
LF:16
LH:16
BRDA:25,1,0,2
BRDA:25,1,1,0
BRF:2
BRH:1
end_of_record
TN:
SF:/Users/snow/develop/MetaCoin/contracts/proposals/OpenDeposit.sol
FN:10,constructor
FN:14,onlyFarm
FN:19,active
FNF:3
FNH:3
FNDA:4,constructor
FNDA:1,onlyFarm
FNDA:1,active
DA:11,4
DA:15,1
DA:16,1
DA:20,1
DA:21,1
LF:5
LH:5
BRDA:15,1,0,1
BRDA:15,1,1,0
BRF:2
BRH:1
end_of_record
TN:
SF:/Users/snow/develop/MetaCoin/contracts/proposals/PauseDeposit.sol
FN:10,constructor
FN:14,onlyFarm
FN:19,active
FNF:3
FNH:3
FNDA:4,constructor
FNDA:2,onlyFarm
FNDA:2,active
DA:11,4
DA:15,2
DA:16,2
DA:20,2
DA:21,2
LF:5
LH:5
BRDA:15,1,0,2
BRDA:15,1,1,0
BRF:2
BRH:1
end_of_record
TN:
SF:/Users/snow/develop/MetaCoin/contracts/Vot.sol
FN:14,onlyFarm
FN:19,onlyFarmOrOwner
FN:23,constructor
FN:25,setFarm
FN:30,mint
FN:34,burn
FN:38,freeze
FN:42,isFreezed
FN:46,_beforeTokenTransfer
FN:50,setFreezeInterval
FN:55,freezeInterval
FNF:11
FNH:9
FNDA:41,onlyFarm
FNDA:0,onlyFarmOrOwner
FNDA:16,constructor
FNDA:16,setFarm
FNDA:22,mint
FNDA:3,burn
FNDA:12,freeze
FNDA:18,isFreezed
FNDA:28,_beforeTokenTransfer
FNDA:0,setFreezeInterval
FNDA:6,freezeInterval
DA:15,41
DA:16,37
DA:20,0
DA:21,0
DA:26,16
DA:27,16
DA:31,22
DA:35,3
DA:39,12
DA:43,18
DA:47,28
DA:51,0
DA:52,0
DA:53,0
DA:56,6
LF:15
LH:10
BRDA:15,1,0,37
BRDA:15,1,1,4
BRDA:20,2,0,0
BRDA:20,2,1,0
BRDA:47,3,0,26
BRDA:47,3,1,2
BRDA:51,4,0,0
BRDA:51,4,1,0
BRDA:52,5,0,0
BRDA:52,5,1,0
BRF:10
BRH:4
end_of_record
